Flow report for minu_time1
Thu Dec 17 08:21:46 2020
Quartus II 64-Bit Version 13.1.0 Build 162 10/23/2013 SJ Web Edition


---------------------
; Table of Contents ;
---------------------
  1. Legal Notice
  2. Flow Summary
  3. Flow Settings
  4. Flow Non-Default Global Settings
  5. Flow Elapsed Time
  6. Flow OS Summary
  7. Flow Log
  8. Flow Messages
  9. Flow Suppressed Messages



----------------
; Legal Notice ;
----------------
Copyright (C) 1991-2013 Altera Corporation
Your use of Altera Corporation's design tools, logic functions 
and other software and tools, and its AMPP partner logic 
functions, and any output files from any of the foregoing 
(including device programming or simulation files), and any 
associated documentation or information are expressly subject 
to the terms and conditions of the Altera Program License 
Subscription Agreement, Altera MegaCore Function License 
Agreement, or other applicable license agreement, including, 
without limitation, that your use is for the sole purpose of 
programming logic devices manufactured by Altera and sold by 
Altera or its authorized distributors.  Please refer to the 
applicable agreement for further details.



+---------------------------------------------------------------------------------+
; Flow Summary                                                                    ;
+------------------------------------+--------------------------------------------+
; Flow Status                        ; Successful - Thu Dec 17 08:21:46 2020      ;
; Quartus II 64-Bit Version          ; 13.1.0 Build 162 10/23/2013 SJ Web Edition ;
; Revision Name                      ; minu_time1                                 ;
; Top-level Entity Name              ; minu_time1                                 ;
; Family                             ; Cyclone III                                ;
; Total logic elements               ; 2 / 15,408 ( < 1 % )                       ;
;     Total combinational functions  ; 2 / 15,408 ( < 1 % )                       ;
;     Dedicated logic registers      ; 0 / 15,408 ( 0 % )                         ;
; Total registers                    ; 0                                          ;
; Total pins                         ; 5 / 161 ( 3 % )                            ;
; Total virtual pins                 ; 0                                          ;
; Total memory bits                  ; 0 / 516,096 ( 0 % )                        ;
; Embedded Multiplier 9-bit elements ; 0 / 112 ( 0 % )                            ;
; Total PLLs                         ; 0 / 4 ( 0 % )                              ;
; Device                             ; EP3C16Q240C8                               ;
; Timing Models                      ; Final                                      ;
+------------------------------------+--------------------------------------------+


+-----------------------------------------+
; Flow Settings                           ;
+-------------------+---------------------+
; Option            ; Setting             ;
+-------------------+---------------------+
; Start date & time ; 12/17/2020 08:20:34 ;
; Main task         ; Compilation         ;
; Revision Name     ; minu_time1          ;
+-------------------+---------------------+


+---------------------------------------------------------------------------------------------------------------------------+
; Flow Non-Default Global Settings                                                                                          ;
+-------------------------------------+--------------------------------------+---------------+-------------+----------------+
; Assignment Name                     ; Value                                ; Default Value ; Entity Name ; Section Id     ;
+-------------------------------------+--------------------------------------+---------------+-------------+----------------+
; COMPILER_SIGNATURE_ID               ; 233349950284014.160816443405976      ; --            ; --          ; --             ;
; EDA_NETLIST_WRITER_OUTPUT_DIR       ; D:/quartusfile/File/simulation/qsim/ ; --            ; --          ; eda_simulation ;
; EDA_OUTPUT_DATA_FORMAT              ; Verilog Hdl                          ; --            ; --          ; eda_simulation ;
; EDA_SIMULATION_TOOL                 ; ModelSim-Altera (Verilog)            ; <None>        ; --          ; --             ;
; EDA_TIME_SCALE                      ; 1 ps                                 ; --            ; --          ; eda_simulation ;
; PARTITION_COLOR                     ; 16764057                             ; --            ; --          ; Top            ;
; PARTITION_FITTER_PRESERVATION_LEVEL ; PLACEMENT_AND_ROUTING                ; --            ; --          ; Top            ;
; PARTITION_NETLIST_TYPE              ; SOURCE                               ; --            ; --          ; Top            ;
; PROJECT_OUTPUT_DIRECTORY            ; output_files                         ; --            ; --          ; --             ;
+-------------------------------------+--------------------------------------+---------------+-------------+----------------+


+-------------------------------------------------------------------------------------------------------------------------------+
; Flow Elapsed Time                                                                                                             ;
+---------------------------+--------------+-------------------------+---------------------+------------------------------------+
; Module Name               ; Elapsed Time ; Average Processors Used ; Peak Virtual Memory ; Total CPU Time (on all processors) ;
+---------------------------+--------------+-------------------------+---------------------+------------------------------------+
; Analysis & Synthesis      ; 00:00:03     ; 1.0                     ; 4647 MB             ; 00:00:03                           ;
; Fitter                    ; 00:00:11     ; 1.0                     ; 5337 MB             ; 00:00:11                           ;
; Assembler                 ; 00:00:03     ; 1.0                     ; 4598 MB             ; 00:00:03                           ;
; TimeQuest Timing Analyzer ; 00:00:03     ; 1.0                     ; 4687 MB             ; 00:00:03                           ;
; EDA Netlist Writer        ; 00:00:01     ; 1.0                     ; 4551 MB             ; 00:00:01                           ;
; EDA Netlist Writer        ; 00:00:01     ; 1.0                     ; 4562 MB             ; 00:00:01                           ;
; EDA Netlist Writer        ; 00:00:01     ; 1.0                     ; 4562 MB             ; 00:00:01                           ;
; Total                     ; 00:00:23     ; --                      ; --                  ; 00:00:23                           ;
+---------------------------+--------------+-------------------------+---------------------+------------------------------------+


+----------------------------------------------------------------------------------------+
; Flow OS Summary                                                                        ;
+---------------------------+------------------+-----------+------------+----------------+
; Module Name               ; Machine Hostname ; OS Name   ; OS Version ; Processor type ;
+---------------------------+------------------+-----------+------------+----------------+
; Analysis & Synthesis      ; DESKTOP-LK5185G  ; Windows 7 ; 6.2        ; x86_64         ;
; Fitter                    ; DESKTOP-LK5185G  ; Windows 7 ; 6.2        ; x86_64         ;
; Assembler                 ; DESKTOP-LK5185G  ; Windows 7 ; 6.2        ; x86_64         ;
; TimeQuest Timing Analyzer ; DESKTOP-LK5185G  ; Windows 7 ; 6.2        ; x86_64         ;
; EDA Netlist Writer        ; DESKTOP-LK5185G  ; Windows 7 ; 6.2        ; x86_64         ;
; EDA Netlist Writer        ; DESKTOP-LK5185G  ; Windows 7 ; 6.2        ; x86_64         ;
; EDA Netlist Writer        ; DESKTOP-LK5185G  ; Windows 7 ; 6.2        ; x86_64         ;
+---------------------------+------------------+-----------+------------+----------------+


------------
; Flow Log ;
------------
quartus_map --read_settings_files=on --write_settings_files=off minu_time1 -c minu_time1
quartus_fit --read_settings_files=off --write_settings_files=off minu_time1 -c minu_time1
quartus_asm --read_settings_files=off --write_settings_files=off minu_time1 -c minu_time1
quartus_sta minu_time1 -c minu_time1
quartus_eda --read_settings_files=off --write_settings_files=off minu_time1 -c minu_time1
quartus_eda --gen_testbench --check_outputs=on --tool=modelsim_oem --format=verilog minu_time1 -c minu_time1 --vector_source=D:/quartusfile/File/minu_time1.vwf --testbench_file=D:/quartusfile/File/simulation/qsim/minu_time1.vwf.vt
quartus_eda --functional=off --flatten_buses=off --timescale=1ps --simulation=on --tool=modelsim_oem --format=verilog --output_directory=D:/quartusfile/File/simulation/qsim/ minu_time1 -c minu_time1



